<?xml version="1.0" encoding="UTF-8"?>
<testsuite xmlns:xsi="http://www.w3.org/2001/XMLSchema-instance" xsi:noNamespaceSchemaLocation="https://maven.apache.org/surefire/maven-failsafe-plugin/xsd/failsafe-test-report.xsd" name="com.cicdlectures.menuserver.service.controller.MenuControllerIT" time="0.606" tests="1" errors="1" skipped="0" failures="0">
  <properties>
[...]
</properties>
  <testcase name="listsAllMenus" classname="com.cicdlectures.menuserver.service.controller.MenuControllerIT" time="0.009">
    <error message="Unresolved compilation problem: &#10;	The declared package &quot;com.cicdlectures.menuserver.controller&quot; does not match the expected package &quot;com.cicdlectures.menuserver.service.controller&quot;&#10;" type="java.lang.Error"><![CDATA[java.lang.Error: 
Unresolved compilation problem: 
	The declared package "com.cicdlectures.menuserver.controller" does not match the expected package "com.cicdlectures.menuserver.service.controller"

	at com.cicdlectures.menuserver.service.controller.MenuControllerIT.<init>(MenuControllerIT.java:1)
]]></error>
    <system-out><![CDATA[12:54:13.959 [main] DEBUG org.springframework.boot.test.context.SpringBootTestContextBootstrapper - Neither @ContextConfiguration nor @ContextHierarchy found for test class [MenuControllerIT]: using SpringBootContextLoader
12:54:13.964 [main] DEBUG org.springframework.test.context.support.AbstractContextLoader - Could not detect default resource locations for test class [com.cicdlectures.menuserver.service.controller.MenuControllerIT]: no resource found for suffixes {-context.xml, Context.groovy}.
12:54:13.965 [main] INFO org.springframework.test.context.support.AnnotationConfigContextLoaderUtils - Could not detect default configuration classes for test class [com.cicdlectures.menuserver.service.controller.MenuControllerIT]: MenuControllerIT does not declare any static, non-private, non-final, nested classes annotated with @Configuration.
12:54:13.993 [main] DEBUG org.springframework.boot.test.context.SpringBootTestContextBootstrapper - Using ContextCustomizers for test class [MenuControllerIT]: [ExcludeFilterContextCustomizer, DuplicateJsonObjectContextCustomizer, MockitoContextCustomizer, TestRestTemplateContextCustomizer, DisableObservabilityContextCustomizer, PropertyMappingContextCustomizer, Customizer]
12:54:14.151 [main] DEBUG org.springframework.context.annotation.ClassPathScanningCandidateComponentProvider - Identified candidate component class: file [/workspace/menu-server/target/classes/com/cicdlectures/menuserver/MenuServerApplication.class]
12:54:14.153 [main] INFO org.springframework.boot.test.context.SpringBootTestContextBootstrapper - Found @SpringBootConfiguration com.cicdlectures.menuserver.MenuServerApplication for test class com.cicdlectures.menuserver.service.controller.MenuControllerIT
12:54:14.296 [main] DEBUG org.springframework.boot.test.context.SpringBootTestContextBootstrapper - Using TestExecutionListeners for test class [MenuControllerIT]: [ServletTestExecutionListener, DirtiesContextBeforeModesTestExecutionListener, ApplicationEventsTestExecutionListener, MockitoTestExecutionListener, DependencyInjectionTestExecutionListener, DirtiesContextTestExecutionListener, TransactionalTestExecutionListener, SqlScriptsTestExecutionListener, EventPublishingTestExecutionListener, ResetMocksTestExecutionListener, RestDocsTestExecutionListener, MockRestServiceServerResetTestExecutionListener, MockMvcPrintOnlyOnFailureTestExecutionListener, WebDriverTestExecutionListener, MockWebServiceServerTestExecutionListener]
12:54:14.297 [main] DEBUG org.springframework.test.context.support.AbstractDirtiesContextTestExecutionListener - Before test class: class [MenuControllerIT], class annotated with @DirtiesContext [true] with mode [BEFORE_EACH_TEST_METHOD]
]]></system-out>
  </testcase>
</testsuite>